# JRE version: Java(TM) SE Runtime Environment (8.0_191-b12) (build 1.8.0_191-b12)
# Java VM: Java HotSpot(TM) Client VM (25.191-b12 mixed mode windows-x86 )
Heap:
 def new generation   total 55552K, used 12930K [0x04c00000, 0x08840000, 0x0f6a0000)
  eden space 49408K,  19% used [0x04c00000, 0x055974b0, 0x07c40000)
  from space 6144K,  50% used [0x07c40000, 0x07f49710, 0x08240000)
  to   space 6144K,   0% used [0x08240000, 0x08240000, 0x08840000)
 tenured generation   total 123172K, used 93893K [0x0f6a0000, 0x16ee9000, 0x24c00000)
   the space 123172K,  76% used [0x0f6a0000, 0x15251698, 0x15251800, 0x16ee9000)
 Metaspace       used 21816K, capacity 22464K, committed 22656K, reserved 22912K
GC Heap History (10 events):
Event: 4164.987 GC heap before
{Heap before GC invocations=35 (full 3):
 def new generation   total 55552K, used 52334K [0x04c00000, 0x08840000, 0x0f6a0000)
  eden space 49408K,  99% used [0x04c00000, 0x07c364c0, 0x07c40000)
  from space 6144K,  48% used [0x08240000, 0x08525558, 0x08840000)
  to   space 6144K,   0% used [0x07c40000, 0x07c40000, 0x08240000)
 tenured generation   total 123172K, used 92497K [0x0f6a0000, 0x16ee9000, 0x24c00000)
   the space 123172K,  75% used [0x0f6a0000, 0x150f4618, 0x150f4800, 0x16ee9000)
 Metaspace       used 21816K, capacity 22432K, committed 22656K, reserved 22912K
Event: 4164.990 GC heap after
Heap after GC invocations=36 (full 3):
 def new generation   total 55552K, used 2872K [0x04c00000, 0x08840000, 0x0f6a0000)
  eden space 49408K,   0% used [0x04c00000, 0x04c00000, 0x07c40000)
  from space 6144K,  46% used [0x07c40000, 0x07f0e0d0, 0x08240000)
  to   space 6144K,   0% used [0x08240000, 0x08240000, 0x08840000)
 tenured generation   total 123172K, used 92497K [0x0f6a0000, 0x16ee9000, 0x24c00000)
   the space 123172K,  75% used [0x0f6a0000, 0x150f4618, 0x150f4800, 0x16ee9000)
 Metaspace       used 21816K, capacity 22432K, committed 22656K, reserved 22912K
}
Event: 4166.346 GC heap before
{Heap before GC invocations=36 (full 3):
 def new generation   total 55552K, used 52280K [0x04c00000, 0x08840000, 0x0f6a0000)
  eden space 49408K, 100% used [0x04c00000, 0x07c40000, 0x07c40000)
  from space 6144K,  46% used [0x07c40000, 0x07f0e0d0, 0x08240000)
  to   space 6144K,   0% used [0x08240000, 0x08240000, 0x08840000)
 tenured generation   total 123172K, used 92497K [0x0f6a0000, 0x16ee9000, 0x24c00000)
   the space 123172K,  75% used [0x0f6a0000, 0x150f4618, 0x150f4800, 0x16ee9000)
 Metaspace       used 21816K, capacity 22432K, committed 22656K, reserved 22912K
Event: 4166.349 GC heap after
Heap after GC invocations=37 (full 3):
 def new generation   total 55552K, used 2978K [0x04c00000, 0x08840000, 0x0f6a0000)
  eden space 49408K,   0% used [0x04c00000, 0x04c00000, 0x07c40000)
  from space 6144K,  48% used [0x08240000, 0x08528b40, 0x08840000)
  to   space 6144K,   0% used [0x07c40000, 0x07c40000, 0x08240000)
 tenured generation   total 123172K, used 92497K [0x0f6a0000, 0x16ee9000, 0x24c00000)
   the space 123172K,  75% used [0x0f6a0000, 0x150f4618, 0x150f4800, 0x16ee9000)
 Metaspace       used 21816K, capacity 22432K, committed 22656K, reserved 22912K
}
Event: 4168.621 GC heap before
{Heap before GC invocations=37 (full 3):
 def new generation   total 55552K, used 52386K [0x04c00000, 0x08840000, 0x0f6a0000)
  eden space 49408K, 100% used [0x04c00000, 0x07c40000, 0x07c40000)
  from space 6144K,  48% used [0x08240000, 0x08528b40, 0x08840000)
  to   space 6144K,   0% used [0x07c40000, 0x07c40000, 0x08240000)
 tenured generation   total 123172K, used 92497K [0x0f6a0000, 0x16ee9000, 0x24c00000)
   the space 123172K,  75% used [0x0f6a0000, 0x150f4618, 0x150f4800, 0x16ee9000)
 Metaspace       used 21816K, capacity 22432K, committed 22656K, reserved 22912K
Event: 4168.624 GC heap after
Heap after GC invocations=38 (full 3):
 def new generation   total 55552K, used 3115K [0x04c00000, 0x08840000, 0x0f6a0000)
  eden space 49408K,   0% used [0x04c00000, 0x04c00000, 0x07c40000)
  from space 6144K,  50% used [0x07c40000, 0x07f4ace8, 0x08240000)
  to   space 6144K,   0% used [0x08240000, 0x08240000, 0x08840000)
 tenured generation   total 123172K, used 92497K [0x0f6a0000, 0x16ee9000, 0x24c00000)
   the space 123172K,  75% used [0x0f6a0000, 0x150f4618, 0x150f4800, 0x16ee9000)
 Metaspace       used 21816K, capacity 22432K, committed 22656K, reserved 22912K
}
Event: 4169.876 GC heap before
{Heap before GC invocations=38 (full 3):
 def new generation   total 55552K, used 52486K [0x04c00000, 0x08840000, 0x0f6a0000)
  eden space 49408K,  99% used [0x04c00000, 0x07c36c60, 0x07c40000)
  from space 6144K,  50% used [0x07c40000, 0x07f4ace8, 0x08240000)
  to   space 6144K,   0% used [0x08240000, 0x08240000, 0x08840000)
 tenured generation   total 123172K, used 92497K [0x0f6a0000, 0x16ee9000, 0x24c00000)
   the space 123172K,  75% used [0x0f6a0000, 0x150f4618, 0x150f4800, 0x16ee9000)
 Metaspace       used 21816K, capacity 22432K, committed 22656K, reserved 22912K
Event: 4169.879 GC heap after
Heap after GC invocations=39 (full 3):
 def new generation   total 55552K, used 1719K [0x04c00000, 0x08840000, 0x0f6a0000)
  eden space 49408K,   0% used [0x04c00000, 0x04c00000, 0x07c40000)
  from space 6144K,  27% used [0x08240000, 0x083edc58, 0x08840000)
  to   space 6144K,   0% used [0x07c40000, 0x07c40000, 0x08240000)
 tenured generation   total 123172K, used 93893K [0x0f6a0000, 0x16ee9000, 0x24c00000)
   the space 123172K,  76% used [0x0f6a0000, 0x15251698, 0x15251800, 0x16ee9000)
 Metaspace       used 21816K, capacity 22432K, committed 22656K, reserved 22912K
}
Event: 4228.646 GC heap before
{Heap before GC invocations=39 (full 3):
 def new generation   total 55552K, used 51127K [0x04c00000, 0x08840000, 0x0f6a0000)
  eden space 49408K, 100% used [0x04c00000, 0x07c40000, 0x07c40000)
  from space 6144K,  27% used [0x08240000, 0x083edc58, 0x08840000)
  to   space 6144K,   0% used [0x07c40000, 0x07c40000, 0x08240000)
 tenured generation   total 123172K, used 93893K [0x0f6a0000, 0x16ee9000, 0x24c00000)
   the space 123172K,  76% used [0x0f6a0000, 0x15251698, 0x15251800, 0x16ee9000)
 Metaspace       used 21816K, capacity 22464K, committed 22656K, reserved 22912K
Event: 4228.648 GC heap after
Heap after GC invocations=40 (full 3):
 def new generation   total 55552K, used 3109K [0x04c00000, 0x08840000, 0x0f6a0000)
  eden space 49408K,   0% used [0x04c00000, 0x04c00000, 0x07c40000)
  from space 6144K,  50% used [0x07c40000, 0x07f49710, 0x08240000)
  to   space 6144K,   0% used [0x08240000, 0x08240000, 0x08840000)
 tenured generation   total 123172K, used 93893K [0x0f6a0000, 0x16ee9000, 0x24c00000)
   the space 123172K,  76% used [0x0f6a0000, 0x15251698, 0x15251800, 0x16ee9000)
 Metaspace       used 21816K, capacity 22464K, committed 22656K, reserved 22912K
}

