# JRE version: Java(TM) SE Runtime Environment (8.0_191-b12) (build 1.8.0_191-b12)
# Java VM: Java HotSpot(TM) Client VM (25.191-b12 mixed mode windows-x86 )
Heap:
 def new generation   total 39424K, used 28969K [0x04a00000, 0x074c0000, 0x0f4a0000)
  eden space 35072K,  70% used [0x04a00000, 0x0620a748, 0x06c40000)
  from space 4352K, 100% used [0x06c40000, 0x07080000, 0x07080000)
  to   space 4352K,   0% used [0x07080000, 0x07080000, 0x074c0000)
 tenured generation   total 87424K, used 30904K [0x0f4a0000, 0x14a00000, 0x24a00000)
   the space 87424K,  35% used [0x0f4a0000, 0x112ce110, 0x112ce200, 0x14a00000)
 Metaspace       used 18883K, capacity 19470K, committed 19584K, reserved 19840K
GC Heap History (10 events):
Event: 0.420 GC heap before
{Heap before GC invocations=0 (full 0):
 def new generation   total 39296K, used 34944K [0x04a00000, 0x074a0000, 0x0f4a0000)
  eden space 34944K, 100% used [0x04a00000, 0x06c20000, 0x06c20000)
  from space 4352K,   0% used [0x06c20000, 0x06c20000, 0x07060000)
  to   space 4352K,   0% used [0x07060000, 0x07060000, 0x074a0000)
 tenured generation   total 87424K, used 0K [0x0f4a0000, 0x14a00000, 0x24a00000)
   the space 87424K,   0% used [0x0f4a0000, 0x0f4a0000, 0x0f4a0200, 0x14a00000)
 Metaspace       used 10184K, capacity 10363K, committed 10368K, reserved 10624K
Event: 0.427 GC heap after
Heap after GC invocations=1 (full 0):
 def new generation   total 39296K, used 4352K [0x04a00000, 0x074a0000, 0x0f4a0000)
  eden space 34944K,   0% used [0x04a00000, 0x04a00000, 0x06c20000)
  from space 4352K, 100% used [0x07060000, 0x074a0000, 0x074a0000)
  to   space 4352K,   0% used [0x06c20000, 0x06c20000, 0x07060000)
 tenured generation   total 87424K, used 3011K [0x0f4a0000, 0x14a00000, 0x24a00000)
   the space 87424K,   3% used [0x0f4a0000, 0x0f790c80, 0x0f790e00, 0x14a00000)
 Metaspace       used 10184K, capacity 10363K, committed 10368K, reserved 10624K
}
Event: 0.623 GC heap before
{Heap before GC invocations=1 (full 0):
 def new generation   total 39296K, used 39296K [0x04a00000, 0x074a0000, 0x0f4a0000)
  eden space 34944K, 100% used [0x04a00000, 0x06c20000, 0x06c20000)
  from space 4352K, 100% used [0x07060000, 0x074a0000, 0x074a0000)
  to   space 4352K,   0% used [0x06c20000, 0x06c20000, 0x07060000)
 tenured generation   total 87424K, used 3011K [0x0f4a0000, 0x14a00000, 0x24a00000)
   the space 87424K,   3% used [0x0f4a0000, 0x0f790c80, 0x0f790e00, 0x14a00000)
 Metaspace       used 11380K, capacity 11723K, committed 11776K, reserved 12672K
Event: 0.637 GC heap after
Heap after GC invocations=2 (full 0):
 def new generation   total 39296K, used 4352K [0x04a00000, 0x074a0000, 0x0f4a0000)
  eden space 34944K,   0% used [0x04a00000, 0x04a00000, 0x06c20000)
  from space 4352K, 100% used [0x06c20000, 0x07060000, 0x07060000)
  to   space 4352K,   0% used [0x07060000, 0x07060000, 0x074a0000)
 tenured generation   total 87424K, used 11080K [0x0f4a0000, 0x14a00000, 0x24a00000)
   the space 87424K,  12% used [0x0f4a0000, 0x0ff721e8, 0x0ff72200, 0x14a00000)
 Metaspace       used 11380K, capacity 11723K, committed 11776K, reserved 12672K
}
Event: 0.680 GC heap before
{Heap before GC invocations=2 (full 0):
 def new generation   total 39296K, used 20872K [0x04a00000, 0x074a0000, 0x0f4a0000)
  eden space 34944K,  47% used [0x04a00000, 0x05a22328, 0x06c20000)
  from space 4352K, 100% used [0x06c20000, 0x07060000, 0x07060000)
  to   space 4352K,   0% used [0x07060000, 0x07060000, 0x074a0000)
 tenured generation   total 87424K, used 11080K [0x0f4a0000, 0x14a00000, 0x24a00000)
   the space 87424K,  12% used [0x0f4a0000, 0x0ff721e8, 0x0ff72200, 0x14a00000)
 Metaspace       used 11920K, capacity 12279K, committed 12288K, reserved 12672K
Event: 0.707 GC heap after
Heap after GC invocations=3 (full 1):
 def new generation   total 39424K, used 0K [0x04a00000, 0x074c0000, 0x0f4a0000)
  eden space 35072K,   0% used [0x04a00000, 0x04a00000, 0x06c40000)
  from space 4352K,   0% used [0x06c40000, 0x06c40000, 0x07080000)
  to   space 4352K,   0% used [0x07080000, 0x07080000, 0x074c0000)
 tenured generation   total 87424K, used 27343K [0x0f4a0000, 0x14a00000, 0x24a00000)
   the space 87424K,  31% used [0x0f4a0000, 0x10f53d90, 0x10f53e00, 0x14a00000)
 Metaspace       used 11920K, capacity 12279K, committed 12288K, reserved 12672K
}
Event: 1.283 GC heap before
{Heap before GC invocations=3 (full 1):
 def new generation   total 39424K, used 35072K [0x04a00000, 0x074c0000, 0x0f4a0000)
  eden space 35072K, 100% used [0x04a00000, 0x06c40000, 0x06c40000)
  from space 4352K,   0% used [0x06c40000, 0x06c40000, 0x07080000)
  to   space 4352K,   0% used [0x07080000, 0x07080000, 0x074c0000)
 tenured generation   total 87424K, used 27343K [0x0f4a0000, 0x14a00000, 0x24a00000)
   the space 87424K,  31% used [0x0f4a0000, 0x10f53d90, 0x10f53e00, 0x14a00000)
 Metaspace       used 14114K, capacity 14633K, committed 14720K, reserved 14720K
Event: 1.290 GC heap after
Heap after GC invocations=4 (full 1):
 def new generation   total 39424K, used 3441K [0x04a00000, 0x074c0000, 0x0f4a0000)
  eden space 35072K,   0% used [0x04a00000, 0x04a00000, 0x06c40000)
  from space 4352K,  79% used [0x07080000, 0x073dc578, 0x074c0000)
  to   space 4352K,   0% used [0x06c40000, 0x06c40000, 0x07080000)
 tenured generation   total 87424K, used 27343K [0x0f4a0000, 0x14a00000, 0x24a00000)
   the space 87424K,  31% used [0x0f4a0000, 0x10f53d90, 0x10f53e00, 0x14a00000)
 Metaspace       used 14114K, capacity 14633K, committed 14720K, reserved 14720K
}
Event: 1.686 GC heap before
{Heap before GC invocations=4 (full 1):
 def new generation   total 39424K, used 38084K [0x04a00000, 0x074c0000, 0x0f4a0000)
  eden space 35072K,  98% used [0x04a00000, 0x06bd4e30, 0x06c40000)
  from space 4352K,  79% used [0x07080000, 0x073dc578, 0x074c0000)
  to   space 4352K,   0% used [0x06c40000, 0x06c40000, 0x07080000)
 tenured generation   total 87424K, used 27343K [0x0f4a0000, 0x14a00000, 0x24a00000)
   the space 87424K,  31% used [0x0f4a0000, 0x10f53d90, 0x10f53e00, 0x14a00000)
 Metaspace       used 18565K, capacity 19150K, committed 19200K, reserved 19840K
Event: 1.695 GC heap after
Heap after GC invocations=5 (full 1):
 def new generation   total 39424K, used 4352K [0x04a00000, 0x074c0000, 0x0f4a0000)
  eden space 35072K,   0% used [0x04a00000, 0x04a00000, 0x06c40000)
  from space 4352K, 100% used [0x06c40000, 0x07080000, 0x07080000)
  to   space 4352K,   0% used [0x07080000, 0x07080000, 0x074c0000)
 tenured generation   total 87424K, used 30904K [0x0f4a0000, 0x14a00000, 0x24a00000)
   the space 87424K,  35% used [0x0f4a0000, 0x112ce110, 0x112ce200, 0x14a00000)
 Metaspace       used 18565K, capacity 19150K, committed 19200K, reserved 19840K
}

